2022-04-17 11:21:15,757 [Worker-4: Loading available Gradle versions] INFO  o.e.b.c.i.u.g.PublishedGradleVersions - Gradle version information cache is up-to-date. Trying to read.
2022-04-17 11:22:43,488 [Worker-1: Import Getting Started Content] INFO  o.e.m.c.i.l.LifecycleMappingFactory - Using org.eclipse.m2e.jdt.JarLifecycleMapping lifecycle mapping for MavenProject: nttdata.bootcamp.microservicios.pasivo.cuentacorriente:microservicio-pasivo-cuentacorriente:0.0.1-SNAPSHOT @ C:\Users\jhermoss\Desktop\semana2\microservicio-pasivo-cuentacorriente\microservicio-pasivo-cuentacorriente\pom.xml.
2022-04-17 11:22:44,703 [Worker-1: Import Getting Started Content] INFO  o.e.m.j.i.AbstractJavaProjectConfigurator - Adding source folder /microservicio-pasivo-cuentacorriente/src/main/java
2022-04-17 11:22:44,704 [Worker-1: Import Getting Started Content] INFO  o.e.m.j.i.AbstractJavaProjectConfigurator - Adding resource folder /microservicio-pasivo-cuentacorriente/src/main/resources
2022-04-17 11:22:44,709 [Worker-1: Import Getting Started Content] INFO  o.e.m.j.i.AbstractJavaProjectConfigurator - Adding resource folder /microservicio-pasivo-cuentacorriente/src/main/resources
2022-04-17 11:22:44,714 [Worker-1: Import Getting Started Content] INFO  o.e.m.j.i.AbstractJavaProjectConfigurator - Adding source folder /microservicio-pasivo-cuentacorriente/src/test/java
2022-04-17 11:22:46,489 [Worker-1: Import Getting Started Content] INFO  o.e.m.c.i.p.ProjectConfigurationManager - Imported and configured 1 project(s) in 4 sec
2022-04-17 11:22:46,494 [Worker-1: Import Getting Started Content] INFO  o.e.m.c.i.p.ProjectConfigurationManager - Update started
2022-04-17 11:22:46,862 [Worker-1: Import Getting Started Content] INFO  o.e.m.c.i.l.LifecycleMappingFactory - Using org.eclipse.m2e.jdt.JarLifecycleMapping lifecycle mapping for MavenProject: nttdata.bootcamp.microservicios.pasivo.cuentacorriente:microservicio-pasivo-cuentacorriente:0.0.1-SNAPSHOT @ C:\Users\jhermoss\Desktop\semana2\microservicio-pasivo-cuentacorriente\microservicio-pasivo-cuentacorriente\pom.xml.
2022-04-17 11:22:47,731 [Worker-1: Import Getting Started Content] INFO  o.e.m.j.i.AbstractJavaProjectConfigurator - Adding source folder /microservicio-pasivo-cuentacorriente/src/main/java
2022-04-17 11:22:47,732 [Worker-1: Import Getting Started Content] INFO  o.e.m.j.i.AbstractJavaProjectConfigurator - Adding resource folder /microservicio-pasivo-cuentacorriente/src/main/resources
2022-04-17 11:22:47,732 [Worker-1: Import Getting Started Content] INFO  o.e.m.j.i.AbstractJavaProjectConfigurator - Adding resource folder /microservicio-pasivo-cuentacorriente/src/main/resources
2022-04-17 11:22:47,733 [Worker-1: Import Getting Started Content] INFO  o.e.m.j.i.AbstractJavaProjectConfigurator - Adding source folder /microservicio-pasivo-cuentacorriente/src/test/java
2022-04-17 11:22:48,176 [Worker-1: Import Getting Started Content] INFO  o.e.m.c.i.p.ProjectConfigurationManager - Update completed: 1 sec
2022-04-17 11:22:49,607 [Worker-5: Building] INFO  o.e.m.c.i.embedder.EclipseLogger - Using 'UTF-8' encoding to copy filtered resources.
2022-04-17 11:22:49,608 [Worker-5: Building] INFO  o.e.m.c.i.embedder.EclipseLogger - Using 'UTF-8' encoding to copy filtered properties files.
2022-04-17 11:22:49,611 [Worker-5: Building] INFO  o.e.m.c.i.embedder.EclipseLogger - Copying 1 resource
2022-04-17 11:22:49,625 [Worker-5: Building] INFO  o.e.m.c.i.embedder.EclipseLogger - Copying 0 resource
2022-04-17 11:22:49,627 [Worker-5: Building] INFO  o.e.m.c.i.embedder.EclipseLogger - Using 'UTF-8' encoding to copy filtered resources.
2022-04-17 11:22:49,627 [Worker-5: Building] INFO  o.e.m.c.i.embedder.EclipseLogger - Using 'UTF-8' encoding to copy filtered properties files.
2022-04-17 11:22:49,627 [Worker-5: Building] INFO  o.e.m.c.i.embedder.EclipseLogger - skip non existing resourceDirectory C:\Users\jhermoss\Desktop\semana2\microservicio-pasivo-cuentacorriente\microservicio-pasivo-cuentacorriente\src\test\resources
